<?xml version="1.0" encoding="UTF-8"?>
<testng-results ignored="0" total="3" passed="3" failed="0" skipped="0">
  <reporter-output>
  </reporter-output>
  <suite started-at="2021-02-18T23:31:19 EST" name="Default suite" finished-at="2021-02-18T23:31:36 EST" duration-ms="16968">
    <groups>
    </groups>
    <test started-at="2021-02-18T23:31:19 EST" name="Default test" finished-at="2021-02-18T23:31:36 EST" duration-ms="16968">
      <class name="e2e.TC_001">
        <test-method signature="opengoogle()[pri:0, instance:e2e.TC_001@c03cf28]" started-at="2021-02-18T23:31:19 EST" name="opengoogle" finished-at="2021-02-18T23:31:26 EST" duration-ms="6254" status="PASS">
          <reporter-output>
          </reporter-output>
        </test-method> <!-- opengoogle -->
      </class> <!-- e2e.TC_001 -->
      <class name="e2e.TC_3">
        <test-method signature="opengoogle()[pri:0, instance:e2e.TC_3@1329eff]" started-at="2021-02-18T23:31:26 EST" name="opengoogle" finished-at="2021-02-18T23:31:31 EST" duration-ms="5381" status="PASS">
          <reporter-output>
          </reporter-output>
        </test-method> <!-- opengoogle -->
      </class> <!-- e2e.TC_3 -->
      <class name="e2e.TC_2">
        <test-method signature="opengoogle()[pri:0, instance:e2e.TC_2@6497b078]" started-at="2021-02-18T23:31:31 EST" name="opengoogle" finished-at="2021-02-18T23:31:36 EST" duration-ms="5294" status="PASS">
          <reporter-output>
          </reporter-output>
        </test-method> <!-- opengoogle -->
      </class> <!-- e2e.TC_2 -->
    </test> <!-- Default test -->
  </suite> <!-- Default suite -->
</testng-results>
